<?xml version="1.0" encoding="UTF-8"?>
<!-- Generated by org.testng.reporters.JUnitReportReporter -->
<testsuite hostname="vijay" failures="0" tests="1" name="OrangeHRM.Pratice.emergencycontact" time="11.228" errors="0" timestamp="2024-03-01T00:22:14 IST" skipped="0">
  <testcase classname="OrangeHRM.Pratice.emergencycontact" name="LOGIN" time="11.228"/>
  <system-out/>
</testsuite> <!-- OrangeHRM.Pratice.emergencycontact -->
