<?xml version="1.0" encoding="UTF-8"?>
<!-- Generated by org.testng.reporters.JUnitReportReporter -->
<testsuite hostname="vijay" failures="0" tests="1" name="OrangeHRM.Pratice.deleteimmigration" time="12.236" errors="0" timestamp="2024-02-29T23:47:03 IST" skipped="0">
  <testcase classname="OrangeHRM.Pratice.deleteimmigration" name="LOGIN" time="12.236"/>
  <system-out/>
</testsuite> <!-- OrangeHRM.Pratice.deleteimmigration -->
