<?xml version="1.0" encoding="UTF-8"?>
<!-- Generated by org.testng.reporters.JUnitReportReporter -->
<testsuite hostname="vijay" failures="0" tests="1" name="OrangeHRM.Pratice.addimmigration" time="15.013" errors="0" timestamp="2024-03-01T00:01:32 IST" skipped="0">
  <testcase classname="OrangeHRM.Pratice.addimmigration" name="LOGIN" time="15.013"/>
  <system-out/>
</testsuite> <!-- OrangeHRM.Pratice.addimmigration -->
