<?xml version="1.0" encoding="UTF-8"?>
<!-- Generated by org.testng.reporters.JUnitReportReporter -->
<testsuite hostname="vijay" failures="0" tests="1" name="OrangeHRM.Pratice.login" time="14.895" errors="0" timestamp="2024-02-29T23:47:03 IST" skipped="0">
  <testcase classname="OrangeHRM.Pratice.login" name="LOGIN" time="14.895"/>
  <system-out/>
</testsuite> <!-- OrangeHRM.Pratice.login -->
